I 1 8078.959017300
E 0 2 0 0.000006200 94427780371288 24
E 0 3 0 0.000007800 94427780371320 24
E 0 4 0 0.000008600 94427780371312 24
E 0 5 0 0.000009300 94427780371384 24
E 0 6 0 0.000009900 94427780371416 24
E 0 7 0 0.000010600 94427780371376 24
E 0 8 0 0.000011200 94427780371352 24
E 0 9 0 0.000011800 94427780371504 24
E 0 10 0 0.000012400 94427780371512 24
E 0 11 0 0.000013100 94427780371568 24
E 0 12 0 0.000013700 94427780371600 24
E 0 13 0 0.000014300 94427780371576 24
E 0 14 0 0.000014900 94427780371632 24
E 0 15 0 0.000015500 94427780371536 24
E 0 16 0 0.000016200 94427780371736 24
E 0 17 0 0.000016800 94427780371768 24
E 0 18 0 0.000017500 94427780371704 24
E 0 19 0 0.000018200 94427780371832 24
E 0 20 0 0.000018900 94427780371864 24
E 0 21 0 0.000019600 94427780371896 24
E 0 22 0 0.000020200 94427780371480 24
E 0 23 0 0.000020900 94427780371928 24
E 0 24 0 0.000021700 94427780371992 24
E 0 25 0 0.000022500 94427780372016 24
E 0 26 0 0.000023400 94427780372048 24
E 0 27 0 0.000024100 94427780371672 24
E 0 28 0 0.000024700 94427780372112 24
E 0 29 0 0.000025400 94427780372152 24
E 0 30 0 0.000026000 94427780371280 24
E 0 31 0 0.000026600 94427780371800 24
E 0 32 0 0.000027300 94427780372248 24
E 0 33 0 0.000028000 94427780372184 24
E 0 34 0 0.000028700 94427780372304 24
E 0 35 0 0.000029400 94427780372280 24
E 0 36 0 0.000030200 94427780372376 24
E 0 37 0 0.000030900 94427780372368 24
E 0 38 0 0.000031600 94427780371824 24
E 0 39 0 0.000032300 94427780372312 24
E 0 40 0 0.000033000 94427780372144 24
E 0 41 0 0.000033700 94427780372528 24
E 0 42 0 0.000034400 94427780372536 24
E 0 43 0 0.000035100 94427780372592 24
E 0 44 0 0.000035800 94427780372600 24
E 0 45 0 0.000036500 94427780372120 24
E 0 46 0 0.000037200 94427780372472 24
L 1 47 1 0.000067200 94427780372224 24
L 1 48 1 0.000068600 94427780371296 24
L 1 49 1 0.000069500 94427780371488 24
L 1 50 1 0.000070000 94427780371968 24
L 1 51 1 0.000070600 94427780371392 24
L 1 52 1 0.000071100 94427780371424 24
L 1 53 1 0.000071600 94427780371456 24
L 1 54 1 0.000072100 94427780371328 24
L 1 55 1 0.000072700 94427780371360 24
L 1 56 1 0.000073200 94427780371744 24
L 1 57 1 0.000073800 94427780371776 24
L 1 58 1 0.000074200 94427780371808 24
L 1 59 1 0.000074700 94427780372256 24
L 1 60 1 0.000075200 94427780372288 24
L 1 61 1 0.000075800 94427780372448 24
L 1 62 1 0.000076300 94427780372384 24
L 1 63 1 0.000076800 94427780372416 24
L 1 64 1 0.000077300 94427780371552 24
L 1 65 1 0.000077800 94427780371520 24
L 1 66 1 0.000078300 94427780371712 24
L 1 67 1 0.000078900 94427780372480 24
L 1 68 1 0.000079400 94427780372736 24
L 1 69 1 0.000079900 94427780371840 24
L 1 70 1 0.000080400 94427780371872 24
L 1 71 1 0.000080900 94427780371904 24
L 1 72 1 0.000081400 94427780371936 24
L 1 73 1 0.000081900 94427780372000 24
L 1 74 1 0.000082400 94427780372096 24
L 1 75 1 0.000082900 94427780372064 24
L 1 76 1 0.000083400 94427780372032 24
L 1 77 1 0.000083900 94427780371648 24
L 1 78 1 0.000084400 94427780371616 24
L 1 79 1 0.000084900 94427780371584 24
L 1 80 1 0.000085400 94427780371680 24
L 1 81 1 0.000085900 94427780372576 24
L 1 82 1 0.000086400 94427780372544 24
L 1 83 1 0.000087000 94427780372640 24
L 1 84 1 0.000087500 94427780372608 24
L 1 85 1 0.000088000 94427780372672 24
L 1 86 1 0.000088500 94427780372160 24
L 1 87 1 0.000089000 94427780372192 24
L 1 88 1 0.000089500 94427780372352 24
L 1 89 1 0.000090000 94427780372320 24
L 1 90 1 0.000090500 94427780372512 24
L 1 91 1 0.000091000 94427780372128 24
L 1 92 1 0.000091500 94427780372704 24
F 93 8078.959111700 0.000094400
